<?xml version="1.0" encoding="UTF-8"?>
<!-- Generated by org.testng.reporters.JUnitXMLReporter -->
<testsuite ignored="0" hostname="LAPTOP-D7U7C3GM" failures="0" tests="4" name="Default test" time="0.036" errors="0" timestamp="2022-04-22T15:44:03 PDT">
  <testcase classname="ConvertibleCarTests" name="canBuildConvertibleCar" time="0.006"/>
  <testcase classname="ConvertibleCarTests" name="canLowerTop" time="0.0"/>
  <testcase classname="ConvertibleCarTests" name="canRaiseTop" time="0.001"/>
  <testcase classname="ConvertibleCarTests" name="canStartConvertibleCar" time="0.0"/>
</testsuite> <!-- Default test -->
