<?xml version="1.0" encoding="UTF-8"?>
<testng-results ignored="0" total="4" passed="4" failed="0" skipped="0">
  <reporter-output>
  </reporter-output>
  <suite started-at="2022-04-22T15:44:03 PDT" name="Default suite" finished-at="2022-04-22T15:44:03 PDT" duration-ms="36">
    <groups>
    </groups>
    <test started-at="2022-04-22T15:44:03 PDT" name="Default test" finished-at="2022-04-22T15:44:03 PDT" duration-ms="36">
      <class name="ConvertibleCarTests">
        <test-method is-config="true" signature="setup()[pri:0, instance:ConvertibleCarTests@2bfc268b]" started-at="2022-04-22T15:44:03 PDT" name="setup" finished-at="2022-04-22T15:44:03 PDT" duration-ms="5" status="PASS">
          <reporter-output>
          </reporter-output>
        </test-method> <!-- setup -->
        <test-method signature="canBuildConvertibleCar()[pri:0, instance:ConvertibleCarTests@2bfc268b]" started-at="2022-04-22T15:44:03 PDT" name="canBuildConvertibleCar" finished-at="2022-04-22T15:44:03 PDT" duration-ms="6" status="PASS">
          <reporter-output>
          </reporter-output>
        </test-method> <!-- canBuildConvertibleCar -->
        <test-method signature="canLowerTop()[pri:0, instance:ConvertibleCarTests@2bfc268b]" started-at="2022-04-22T15:44:03 PDT" name="canLowerTop" finished-at="2022-04-22T15:44:03 PDT" duration-ms="0" status="PASS">
          <reporter-output>
          </reporter-output>
        </test-method> <!-- canLowerTop -->
        <test-method signature="canRaiseTop()[pri:0, instance:ConvertibleCarTests@2bfc268b]" started-at="2022-04-22T15:44:03 PDT" name="canRaiseTop" finished-at="2022-04-22T15:44:03 PDT" duration-ms="1" status="PASS">
          <reporter-output>
          </reporter-output>
        </test-method> <!-- canRaiseTop -->
        <test-method signature="canStartConvertibleCar()[pri:0, instance:ConvertibleCarTests@2bfc268b]" started-at="2022-04-22T15:44:03 PDT" name="canStartConvertibleCar" finished-at="2022-04-22T15:44:03 PDT" duration-ms="0" status="PASS">
          <reporter-output>
          </reporter-output>
        </test-method> <!-- canStartConvertibleCar -->
      </class> <!-- ConvertibleCarTests -->
    </test> <!-- Default test -->
  </suite> <!-- Default suite -->
</testng-results>
